# JRE version: OpenJDK Runtime Environment Corretto-11.0.18.10.1 (11.0.18+10) (build 11.0.18+10-LTS)
# Java VM: OpenJDK 64-Bit Server VM Corretto-11.0.18.10.1 (11.0.18+10-LTS, mixed mode, tiered, compressed oops, g1 gc, windows-amd64)
Heap:
 garbage-first heap   total 310272K, used 31259K [0x0000000705c00000, 0x0000000800000000)
  region size 1024K, 18 young (18432K), 18 survivors (18432K)
 Metaspace       used 62034K, capacity 63678K, committed 64028K, reserved 1103872K
  class space    used 8038K, capacity 8666K, committed 8780K, reserved 1048576K
GC Heap History (13 events):
Event: 0.893 GC heap before
{Heap before GC invocations=0 (full 0):
 garbage-first heap   total 258048K, used 25600K [0x0000000705c00000, 0x0000000800000000)
  region size 1024K, 24 young (24576K), 0 survivors (0K)
 Metaspace       used 13602K, capacity 13978K, committed 14080K, reserved 1062912K
  class space    used 1379K, capacity 1517K, committed 1536K, reserved 1048576K
}
Event: 0.897 GC heap after
{Heap after GC invocations=1 (full 0):
 garbage-first heap   total 258048K, used 9993K [0x0000000705c00000, 0x0000000800000000)
  region size 1024K, 3 young (3072K), 3 survivors (3072K)
 Metaspace       used 13602K, capacity 13978K, committed 14080K, reserved 1062912K
  class space    used 1379K, capacity 1517K, committed 1536K, reserved 1048576K
}
Event: 1.134 GC heap before
{Heap before GC invocations=1 (full 0):
 garbage-first heap   total 258048K, used 26377K [0x0000000705c00000, 0x0000000800000000)
  region size 1024K, 19 young (19456K), 3 survivors (3072K)
 Metaspace       used 16411K, capacity 16852K, committed 17152K, reserved 1064960K
  class space    used 1738K, capacity 1927K, committed 2048K, reserved 1048576K
}
Event: 1.137 GC heap after
{Heap after GC invocations=2 (full 0):
 garbage-first heap   total 258048K, used 10936K [0x0000000705c00000, 0x0000000800000000)
  region size 1024K, 1 young (1024K), 1 survivors (1024K)
 Metaspace       used 16411K, capacity 16852K, committed 17152K, reserved 1064960K
  class space    used 1738K, capacity 1927K, committed 2048K, reserved 1048576K
}
Event: 1.481 GC heap before
{Heap before GC invocations=2 (full 0):
 garbage-first heap   total 258048K, used 33464K [0x0000000705c00000, 0x0000000800000000)
  region size 1024K, 24 young (24576K), 1 survivors (1024K)
 Metaspace       used 20555K, capacity 21181K, committed 21248K, reserved 1069056K
  class space    used 2318K, capacity 2554K, committed 2560K, reserved 1048576K
}
Event: 1.485 GC heap after
{Heap after GC invocations=3 (full 0):
 garbage-first heap   total 258048K, used 12238K [0x0000000705c00000, 0x0000000800000000)
  region size 1024K, 3 young (3072K), 3 survivors (3072K)
 Metaspace       used 20555K, capacity 21181K, committed 21248K, reserved 1069056K
  class space    used 2318K, capacity 2554K, committed 2560K, reserved 1048576K
}
Event: 2.127 GC heap before
{Heap before GC invocations=4 (full 0):
 garbage-first heap   total 258048K, used 66510K [0x0000000705c00000, 0x0000000800000000)
  region size 1024K, 57 young (58368K), 3 survivors (3072K)
 Metaspace       used 26251K, capacity 27019K, committed 27260K, reserved 1073152K
  class space    used 3156K, capacity 3451K, committed 3456K, reserved 1048576K
}
Event: 2.136 GC heap after
{Heap after GC invocations=5 (full 0):
 garbage-first heap   total 258048K, used 13996K [0x0000000705c00000, 0x0000000800000000)
  region size 1024K, 4 young (4096K), 4 survivors (4096K)
 Metaspace       used 26251K, capacity 27019K, committed 27260K, reserved 1073152K
  class space    used 3156K, capacity 3451K, committed 3456K, reserved 1048576K
}
Event: 4.249 GC heap before
{Heap before GC invocations=6 (full 0):
 garbage-first heap   total 258048K, used 160428K [0x0000000705c00000, 0x0000000800000000)
  region size 1024K, 147 young (150528K), 4 survivors (4096K)
 Metaspace       used 35751K, capacity 37025K, committed 37244K, reserved 1081344K
  class space    used 4498K, capacity 4984K, committed 4992K, reserved 1048576K
}
Event: 4.258 GC heap after
{Heap after GC invocations=7 (full 0):
 garbage-first heap   total 258048K, used 20491K [0x0000000705c00000, 0x0000000800000000)
  region size 1024K, 11 young (11264K), 11 survivors (11264K)
 Metaspace       used 35751K, capacity 37025K, committed 37244K, reserved 1081344K
  class space    used 4498K, capacity 4984K, committed 4992K, reserved 1048576K
}
Event: 4.915 GC heap before
{Heap before GC invocations=7 (full 0):
 garbage-first heap   total 258048K, used 104459K [0x0000000705c00000, 0x0000000800000000)
  region size 1024K, 94 young (96256K), 11 survivors (11264K)
 Metaspace       used 44151K, capacity 45520K, committed 45648K, reserved 1089536K
  class space    used 5659K, capacity 6209K, committed 6272K, reserved 1048576K
}
Event: 4.935 GC heap after
{Heap after GC invocations=8 (full 0):
 garbage-first heap   total 258048K, used 23692K [0x0000000705c00000, 0x0000000800000000)
  region size 1024K, 13 young (13312K), 13 survivors (13312K)
 Metaspace       used 44151K, capacity 45520K, committed 45648K, reserved 1089536K
  class space    used 5659K, capacity 6209K, committed 6272K, reserved 1048576K
}
Event: 5.898 GC heap before
{Heap before GC invocations=9 (full 0):
 garbage-first heap   total 258048K, used 163980K [0x0000000705c00000, 0x0000000800000000)
  region size 1024K, 151 young (154624K), 13 survivors (13312K)
 Metaspace       used 62034K, capacity 63678K, committed 64028K, reserved 1103872K
  class space    used 8038K, capacity 8666K, committed 8780K, reserved 1048576K
}

