# JRE version: OpenJDK Runtime Environment Corretto-11.0.18.10.1 (11.0.18+10) (build 11.0.18+10-LTS)
# Java VM: OpenJDK 64-Bit Server VM Corretto-11.0.18.10.1 (11.0.18+10-LTS, mixed mode, tiered, compressed oops, g1 gc, windows-amd64)
Heap:
 garbage-first heap   total 310272K, used 35426K [0x0000000705c00000, 0x0000000800000000)
  region size 1024K, 9 young (9216K), 9 survivors (9216K)
 Metaspace       used 72333K, capacity 74249K, committed 74328K, reserved 1126400K
  class space    used 9325K, capacity 10087K, committed 10112K, reserved 1048576K
GC Heap History (16 events):
Event: 0.783 GC heap before
{Heap before GC invocations=0 (full 0):
 garbage-first heap   total 258048K, used 25600K [0x0000000705c00000, 0x0000000800000000)
  region size 1024K, 24 young (24576K), 0 survivors (0K)
 Metaspace       used 13601K, capacity 13978K, committed 14080K, reserved 1062912K
  class space    used 1379K, capacity 1517K, committed 1536K, reserved 1048576K
}
Event: 0.788 GC heap after
{Heap after GC invocations=1 (full 0):
 garbage-first heap   total 258048K, used 9973K [0x0000000705c00000, 0x0000000800000000)
  region size 1024K, 3 young (3072K), 3 survivors (3072K)
 Metaspace       used 13601K, capacity 13978K, committed 14080K, reserved 1062912K
  class space    used 1379K, capacity 1517K, committed 1536K, reserved 1048576K
}
Event: 0.996 GC heap before
{Heap before GC invocations=1 (full 0):
 garbage-first heap   total 258048K, used 26357K [0x0000000705c00000, 0x0000000800000000)
  region size 1024K, 19 young (19456K), 3 survivors (3072K)
 Metaspace       used 16453K, capacity 16876K, committed 17152K, reserved 1064960K
  class space    used 1755K, capacity 1937K, committed 2048K, reserved 1048576K
}
Event: 0.999 GC heap after
{Heap after GC invocations=2 (full 0):
 garbage-first heap   total 258048K, used 10974K [0x0000000705c00000, 0x0000000800000000)
  region size 1024K, 1 young (1024K), 1 survivors (1024K)
 Metaspace       used 16453K, capacity 16876K, committed 17152K, reserved 1064960K
  class space    used 1755K, capacity 1937K, committed 2048K, reserved 1048576K
}
Event: 1.205 GC heap before
{Heap before GC invocations=2 (full 0):
 garbage-first heap   total 258048K, used 32478K [0x0000000705c00000, 0x0000000800000000)
  region size 1024K, 23 young (23552K), 1 survivors (1024K)
 Metaspace       used 20437K, capacity 21049K, committed 21248K, reserved 1069056K
  class space    used 2300K, capacity 2541K, committed 2560K, reserved 1048576K
}
Event: 1.208 GC heap after
{Heap after GC invocations=3 (full 0):
 garbage-first heap   total 258048K, used 12224K [0x0000000705c00000, 0x0000000800000000)
  region size 1024K, 3 young (3072K), 3 survivors (3072K)
 Metaspace       used 20437K, capacity 21049K, committed 21248K, reserved 1069056K
  class space    used 2300K, capacity 2541K, committed 2560K, reserved 1048576K
}
Event: 1.516 GC heap before
{Heap before GC invocations=4 (full 0):
 garbage-first heap   total 258048K, used 68544K [0x0000000705c00000, 0x0000000800000000)
  region size 1024K, 58 young (59392K), 3 survivors (3072K)
 Metaspace       used 25888K, capacity 26693K, committed 26752K, reserved 1073152K
  class space    used 3127K, capacity 3428K, committed 3456K, reserved 1048576K
}
Event: 1.520 GC heap after
{Heap after GC invocations=5 (full 0):
 garbage-first heap   total 258048K, used 14211K [0x0000000705c00000, 0x0000000800000000)
  region size 1024K, 5 young (5120K), 5 survivors (5120K)
 Metaspace       used 25888K, capacity 26693K, committed 26752K, reserved 1073152K
  class space    used 3127K, capacity 3428K, committed 3456K, reserved 1048576K
}
Event: 2.402 GC heap before
{Heap before GC invocations=5 (full 0):
 garbage-first heap   total 258048K, used 146307K [0x0000000705c00000, 0x0000000800000000)
  region size 1024K, 135 young (138240K), 5 survivors (5120K)
 Metaspace       used 34276K, capacity 35403K, committed 35584K, reserved 1079296K
  class space    used 4295K, capacity 4742K, committed 4864K, reserved 1048576K
}
Event: 2.415 GC heap after
{Heap after GC invocations=6 (full 0):
 garbage-first heap   total 258048K, used 19613K [0x0000000705c00000, 0x0000000800000000)
  region size 1024K, 10 young (10240K), 10 survivors (10240K)
 Metaspace       used 34276K, capacity 35403K, committed 35584K, reserved 1079296K
  class space    used 4295K, capacity 4742K, committed 4864K, reserved 1048576K
}
Event: 3.319 GC heap before
{Heap before GC invocations=7 (full 0):
 garbage-first heap   total 258048K, used 163997K [0x0000000705c00000, 0x0000000800000000)
  region size 1024K, 151 young (154624K), 10 survivors (10240K)
 Metaspace       used 51992K, capacity 53576K, committed 53888K, reserved 1095680K
  class space    used 6599K, capacity 7203K, committed 7296K, reserved 1048576K
}
Event: 3.331 GC heap after
{Heap after GC invocations=8 (full 0):
 garbage-first heap   total 258048K, used 27444K [0x0000000705c00000, 0x0000000800000000)
  region size 1024K, 17 young (17408K), 17 survivors (17408K)
 Metaspace       used 51992K, capacity 53576K, committed 53888K, reserved 1095680K
  class space    used 6599K, capacity 7203K, committed 7296K, reserved 1048576K
}
Event: 3.633 GC heap before
{Heap before GC invocations=8 (full 0):
 garbage-first heap   total 258048K, used 85812K [0x0000000705c00000, 0x0000000800000000)
  region size 1024K, 75 young (76800K), 17 survivors (17408K)
 Metaspace       used 58024K, capacity 59659K, committed 59736K, reserved 1101824K
  class space    used 7385K, capacity 8032K, committed 8064K, reserved 1048576K
}
Event: 3.655 GC heap after
{Heap after GC invocations=9 (full 0):
 garbage-first heap   total 310272K, used 30680K [0x0000000705c00000, 0x0000000800000000)
  region size 1024K, 13 young (13312K), 13 survivors (13312K)
 Metaspace       used 58024K, capacity 59659K, committed 59736K, reserved 1101824K
  class space    used 7385K, capacity 8032K, committed 8064K, reserved 1048576K
}
Event: 17.203 GC heap before
{Heap before GC invocations=10 (full 0):
 garbage-first heap   total 310272K, used 166872K [0x0000000705c00000, 0x0000000800000000)
  region size 1024K, 147 young (150528K), 13 survivors (13312K)
 Metaspace       used 72333K, capacity 74249K, committed 74328K, reserved 1124352K
  class space    used 9325K, capacity 10087K, committed 10112K, reserved 1048576K
}
Event: 17.217 GC heap after
{Heap after GC invocations=11 (full 0):
 garbage-first heap   total 310272K, used 35426K [0x0000000705c00000, 0x0000000800000000)
  region size 1024K, 9 young (9216K), 9 survivors (9216K)
 Metaspace       used 72333K, capacity 74249K, committed 74328K, reserved 1124352K
  class space    used 9325K, capacity 10087K, committed 10112K, reserved 1048576K
}

